<?xml version="1.0" encoding="UTF-8"?>
<!-- Generated by org.testng.reporters.JUnitReportReporter -->
<testsuite hostname="LAPTOP-9P0O9KH0" failures="0" tests="1" name="com.Actitime.Testscripts.Assert" time="22.325" errors="0" timestamp="2023-02-21T10:52:17 IST" skipped="0">
  <testcase classname="com.Actitime.Testscripts.Assert" name="demoassertion" time="22.325"/>
  <system-out/>
</testsuite> <!-- com.Actitime.Testscripts.Assert -->
